2023-07-15 13:46:33 INFO new missing happen
2023-07-15 13:46:33 INFO This path is:喜欢的角色 - 副本
2023-07-15 13:47:07 INFO new missing happen
2023-07-15 13:47:07 INFO This path is:喜欢的角色 - 副本
2023-07-15 13:49:06 INFO new missing happen
2023-07-15 13:49:06 INFO This path is:喜欢的角色 - 副本
2023-07-15 13:51:51 INFO new missing happen
2023-07-15 13:51:51 INFO This path is:喜欢的角色 - 副本
2023-07-15 13:52:03 INFO new missing happen
2023-07-15 13:52:03 INFO This path is:喜欢的角色 - 副本
2023-07-15 13:53:50 INFO upload complete: F:\video\喜欢的角色 - 副本\104647892_p0.jpg
2023-07-15 18:36:47 INFO new missing happen
2023-07-15 18:36:47 INFO This path is:喜欢的角色 - 副本
2023-07-15 18:37:18 INFO new missing happen
2023-07-15 18:37:18 INFO This path is:喜欢的角色 - 副本
2023-07-15 18:37:56 INFO new missing happen
2023-07-15 18:37:56 INFO This path is:喜欢的角色 - 副本
2023-07-15 18:41:28 INFO new missing happen
2023-07-15 18:41:28 INFO This path is:喜欢的角色 - 副本
2023-07-15 19:21:43 INFO new missing happen
2023-07-15 19:21:43 INFO This path is:喜欢的角色 - 副本
2023-07-15 19:22:45 INFO new missing happen
2023-07-15 19:22:45 INFO This path is:喜欢的角色 - 副本
2023-07-15 19:23:40 INFO upload complete: F:\video\喜欢的角色 - 副本\Fy67GWhacAEiPYL.jpg
2023-07-16 18:22:46 INFO new missing happen
2023-07-16 18:22:46 INFO This path is:喜欢的角色 - 副本
2023-07-16 18:28:46 INFO new missing happen
2023-07-16 18:28:46 INFO This path is:喜欢的角色 - 副本
2023-07-16 18:45:05 INFO new missing happen
2023-07-16 18:45:05 INFO This path is:喜欢的角色 - 副本
2023-07-16 18:45:35 INFO new missing happen
2023-07-16 18:45:35 INFO This path is:喜欢的角色 - 副本
2023-07-16 18:47:09 INFO new missing happen
2023-07-16 18:47:09 INFO This path is:喜欢的角色 - 副本
2023-07-16 18:47:19 INFO new missing happen
2023-07-16 18:47:19 INFO This path is:喜欢的角色 - 副本
2023-07-16 18:48:31 INFO new missing happen
2023-07-16 18:48:31 INFO This path is:喜欢的角色 - 副本
2023-07-16 18:49:51 INFO new missing happen
2023-07-16 18:49:51 INFO This path is:喜欢的角色 - 副本
2023-07-16 18:51:08 INFO new missing happen
2023-07-16 18:51:08 INFO This path is:喜欢的角色 - 副本
2023-07-16 19:02:33 INFO new missing happen
2023-07-16 19:02:33 INFO This path is:喜欢的角色 - 副本
2023-07-16 19:07:56 INFO new missing happen
2023-07-16 19:07:56 INFO This path is:喜欢的角色 - 副本
2023-07-16 19:09:18 INFO new missing happen
2023-07-16 19:09:18 INFO This path is:喜欢的角色 - 副本
2023-07-16 19:12:40 INFO new missing happen
2023-07-16 19:12:40 INFO This path is:喜欢的角色 - 副本
2023-07-16 19:13:27 INFO upload complete: F:\video\喜欢的角色 - 副本\Fy3-nKEaUAE_cCO.jpg
2023-07-16 19:15:50 INFO new missing happen
2023-07-16 19:15:50 INFO This path is:喜欢的角色 - 副本
2023-07-16 19:17:29 INFO new missing happen
2023-07-16 19:17:29 INFO This path is:喜欢的角色 - 副本
2023-07-16 19:17:53 INFO upload complete: F:\video\喜欢的角色 - 副本\104705029_p0.jpg
2023-07-16 19:18:02 INFO upload complete: F:\video\喜欢的角色 - 副本\105648310_p0.jpg
2023-07-16 19:18:11 INFO upload complete: F:\video\喜欢的角色 - 副本\E-2DYSjVIAUdlHf.jpg
2023-07-16 19:18:20 INFO upload complete: F:\video\喜欢的角色 - 副本\Fp4qzwCaEAER7vB.jpg
2023-07-16 21:02:52 INFO new missing happen
2023-07-16 21:02:52 INFO This path is:【CXRAW】【デジモンテイマ`ズ】【ノンクレジットED「Days-矍椁热粘-」】【BDrip】【HEVC Main10P FLAC MKV】 - 副本.mkv
2023-07-16 21:04:31 INFO new missing happen
2023-07-16 21:04:31 INFO This path is:【CXRAW】【デジモンテイマ`ズ】【ノンクレジットED「Days-矍椁热粘-」】【BDrip】【HEVC Main10P FLAC MKV】 - 副本.mkv
2023-07-16 21:04:50 INFO upload complete: F:\video\【CXRAW】【デジモンテイマ`ズ】【ノンクレジットED「Days-矍椁热粘-」】【BDrip】【HEVC Main10P FLAC MKV】 - 副本.mkv
2023-07-16 21:21:30 INFO new missing happen
2023-07-16 21:21:30 INFO This path is:[Ioroid] The IDOLM@STER Cinderella Girls U149 - 01 [AMZN WEB-DL 1080p AVC E-AC3] - 副本.mkv
2023-07-16 21:30:12 INFO upload complete: F:\video\[Ioroid] The IDOLM@STER Cinderella Girls U149 - 01 [AMZN WEB-DL 1080p AVC E-AC3] - 副本.mkv
2023-07-16 21:33:41 INFO new missing happen
2023-07-16 21:33:41 INFO This path is:喜欢的角色 - 副本
2023-07-16 21:33:47 INFO upload complete: F:\video\喜欢的角色 - 副本\FqI8jzBaAAEx9s3.jpg
2023-07-16 21:33:52 INFO upload complete: F:\video\喜欢的角色 - 副本\FrPhrJBaUAAd_6l.jpg
2023-07-16 21:33:55 INFO upload complete: F:\video\喜欢的角色 - 副本\FxYNsfsaQAAVSXf.jpg
2023-07-16 21:33:58 INFO upload complete: F:\video\喜欢的角色 - 副本\Fy3-nKEaUAE_cCO.jpg
2023-07-16 21:34:01 INFO upload complete: F:\video\喜欢的角色 - 副本\Fy67GWhacAEiPYL.jpg
2023-07-16 22:02:57 INFO new missing happen
2023-07-16 22:02:57 INFO This path is:【CXRAW】【デジモンテイマ`ズ】【ノンクレジットED「Days-矍椁热粘-」】【BDrip】【HEVC Main10P FLAC MKV】 - 副本.mkv
2023-07-16 22:15:27 INFO new missing happen
2023-07-16 22:15:27 INFO This path is:.\【CXRAW】【デジモンテイマ`ズ】【ノンクレジットED「Days-矍椁热粘-」】【BDrip】【HEVC Main10P FLAC MKV】 - 副本.mkv
2023-07-16 22:15:45 INFO upload complete: F:\video\【CXRAW】【デジモンテイマ`ズ】【ノンクレジットED「Days-矍椁热粘-」】【BDrip】【HEVC Main10P FLAC MKV】 - 副本.mkv
2023-07-16 22:19:57 INFO new missing happen
2023-07-16 22:19:57 INFO This path is:.\【CXRAW】【デジモンテイマ`ズ】【ノンクレジットED「Days-矍椁热粘-」】【BDrip】【HEVC Main10P FLAC MKV】 - 副本.mkv
2023-07-16 22:19:57 ERROR This path isn't exsit:.\【CXRAW】【デジモンテイマ`ズ】【ノンクレジットED「Days-矍椁热粘-」】【BDrip】【HEVC Main10P FLAC MKV】 - 副本.mkv
2023-07-16 22:20:00 INFO new missing happen
2023-07-16 22:20:00 INFO This path is:.\【CXRAW】【デジモンテイマ`ズ】【ノンクレジットED「Days-矍椁热粘-」】【BDrip】【HEVC Main10P FLAC MKV】 - 副本.mkv
2023-07-16 22:20:00 ERROR This path isn't exsit:.\【CXRAW】【デジモンテイマ`ズ】【ノンクレジットED「Days-矍椁热粘-」】【BDrip】【HEVC Main10P FLAC MKV】 - 副本.mkv
2023-07-16 22:20:13 INFO new missing happen
2023-07-16 22:20:13 INFO This path is:.\【CXRAW】【デジモンテイマ`ズ】【ノンクレジットED「Days-矍椁热粘-」】【BDrip】【HEVC Main10P FLAC MKV】 - 副本.mkv
2023-07-16 22:20:34 INFO upload complete: F:\video\【CXRAW】【デジモンテイマ`ズ】【ノンクレジットED「Days-矍椁热粘-」】【BDrip】【HEVC Main10P FLAC MKV】 - 副本.mkv
2023-07-17 10:33:34 INFO new missing happen
2023-07-17 10:33:34 INFO This path is:.\【CXRAW】【デジモンテイマ`ズ】【ノンクレジットED「Days-矍椁热粘-」】【BDrip】【HEVC Main10P FLAC MKV】 - 副本.mkv
2023-07-17 10:33:56 ERROR error uploading file:F:\video\【CXRAW】【デジモンテイマ`ズ】【ノンクレジットED「Days-矍椁热粘-」】【BDrip】【HEVC Main10P FLAC MKV】 - 副本.mkv
2023-07-17 10:33:56 ERROR the response of OneDrive is:
2023-07-17 10:33:56 ERROR the response of Panbaidu is:
2023-07-17 16:49:15 INFO new missing happen
2023-07-17 16:49:15 INFO This path is:.\[anon] The Idolmaster Cinderella Girls U149 - 11 - 副本.mkv
2023-07-17 16:56:30 ERROR error uploading file:F:\video\[anon] The Idolmaster Cinderella Girls U149 - 11 - 副本.mkv
2023-07-17 16:56:30 ERROR the response of OneDrive is:
2023-07-17 16:56:30 ERROR the response of Panbaidu is:
2023-07-18 20:49:03 INFO new missing happen
2023-07-18 20:49:03 INFO This path is:.\【CXRAW】【デジモンテイマ`ズ】【ノンクレジットED「Days-矍椁热粘-」】【BDrip】【HEVC Main10P FLAC MKV】 - 副本.mkv
2023-07-18 20:49:21 INFO upload complete: F:\video\【CXRAW】【デジモンテイマ`ズ】【ノンクレジットED「Days-矍椁热粘-」】【BDrip】【HEVC Main10P FLAC MKV】 - 副本.mkv
2023-07-19 09:19:54 INFO new missing happen
2023-07-19 09:19:54 INFO This path is:【CXRAW】【デジモンテイマ`ズ】【ノンクレジットED「Days-矍椁热粘-」】【BDrip】【HEVC Main10P FLAC MKV】 - 副本.mkv
2023-07-19 09:20:34 INFO new missing happen
2023-07-19 09:20:34 INFO This path is:【CXRAW】【デジモンテイマ`ズ】【ノンクレジットED「Days-矍椁热粘-」】【BDrip】【HEVC Main10P FLAC MKV】 - 副本.mkv
2023-07-19 09:21:05 INFO new missing happen
2023-07-19 09:21:05 INFO This path is:【CXRAW】【デジモンテイマ`ズ】【ノンクレジットED「Days-矍椁热粘-」】【BDrip】【HEVC Main10P FLAC MKV】 - 副本.mkv
2023-07-19 09:22:12 INFO new missing happen
2023-07-19 09:22:12 INFO This path is:【CXRAW】【デジモンテイマ`ズ】【ノンクレジットED「Days-矍椁热粘-」】【BDrip】【HEVC Main10P FLAC MKV】 - 副本.mkv
2023-07-19 09:22:38 INFO new missing happen
2023-07-19 09:22:38 INFO This path is:【CXRAW】【デジモンテイマ`ズ】【ノンクレジットED「Days-矍椁热粘-」】【BDrip】【HEVC Main10P FLAC MKV】 - 副本.mkv
2023-07-19 09:23:25 INFO new missing happen
2023-07-19 09:23:25 INFO This path is:【CXRAW】【デジモンテイマ`ズ】【ノンクレジットED「Days-矍椁热粘-」】【BDrip】【HEVC Main10P FLAC MKV】 - 副本.mkv
2023-07-19 09:40:06 INFO new missing happen
2023-07-19 09:40:06 INFO This path is:【CXRAW】【デジモンテイマ`ズ】【ノンクレジットED「Days-矍椁热粘-」】【BDrip】【HEVC Main10P FLAC MKV】 - 副本.mkv
2023-07-19 09:40:29 INFO new missing happen
2023-07-19 09:40:29 INFO This path is:【CXRAW】【デジモンテイマ`ズ】【ノンクレジットED「Days-矍椁热粘-」】【BDrip】【HEVC Main10P FLAC MKV】 - 副本.mkv
2023-07-19 09:43:13 INFO new missing happen
2023-07-19 09:43:13 INFO This path is:【CXRAW】【デジモンテイマ`ズ】【ノンクレジットED「Days-矍椁热粘-」】【BDrip】【HEVC Main10P FLAC MKV】 - 副本.mkv
2023-07-19 09:47:29 INFO new missing happen
2023-07-19 09:47:29 INFO This path is:【CXRAW】【デジモンテイマ`ズ】【ノンクレジットED「Days-矍椁热粘-」】【BDrip】【HEVC Main10P FLAC MKV】 - 副本.mkv
2023-07-19 09:48:43 INFO new missing happen
2023-07-19 09:48:43 INFO This path is:【CXRAW】【デジモンテイマ`ズ】【ノンクレジットED「Days-矍椁热粘-」】【BDrip】【HEVC Main10P FLAC MKV】 - 副本.mkv
2023-07-19 09:49:01 ERROR error uploading file:F:\video\【CXRAW】【デジモンテイマ`ズ】【ノンクレジットED「Days-矍椁热粘-」】【BDrip】【HEVC Main10P FLAC MKV】 - 副本.mkv
2023-07-19 09:49:01 ERROR the response of OneDrive is:
2023-07-19 09:49:01 ERROR the response of Panbaidu is:
2023-07-19 09:49:59 INFO new missing happen
2023-07-19 09:49:59 INFO This path is:【CXRAW】【デジモンテイマ`ズ】【ノンクレジットED「Days-矍椁热粘-」】【BDrip】【HEVC Main10P FLAC MKV】 - 副本.mkv
2023-07-19 09:50:14 ERROR error uploading file:F:\video\【CXRAW】【デジモンテイマ`ズ】【ノンクレジットED「Days-矍椁热粘-」】【BDrip】【HEVC Main10P FLAC MKV】 - 副本.mkv
2023-07-19 09:50:14 ERROR the response of OneDrive is:
2023-07-19 09:50:14 ERROR the response of Panbaidu is:
2023-07-19 09:51:43 INFO new missing happen
2023-07-19 09:51:43 INFO This path is:喜欢的角色 - 副本
2023-07-19 09:51:49 INFO upload complete: F:\video\喜欢的角色 - 副本\104647892_p0.jpg
2023-07-19 09:51:53 INFO upload complete: F:\video\喜欢的角色 - 副本\97126279_p0_master1200.jpg
2023-07-19 09:51:58 INFO upload complete: F:\video\喜欢的角色 - 副本\99224164_p0_master1200.jpg
2023-07-19 09:52:03 INFO upload complete: F:\video\喜欢的角色 - 副本\99677421_p0.jpg
2023-07-19 09:52:19 INFO upload complete: F:\video\喜欢的角色 - 副本\【CXRAW】【デジモンテイマ`ズ】【ノンクレジットED「Days-矍椁热粘-」】【BDrip】【HEVC Main10P FLAC MKV】 - 副本.mkv
